[2026-03-12 11:53:00][INFO] Downloading 'https://piston-data.mojang.com/v1/objects/ba2df812c2d12e0219c489c4cd9a5e1f0760f5bd/client.jar' to 'data/minecraft-client-1.21.11.jar'...
[2026-03-12 11:53:02][INFO] Loading resources...
[2026-03-12 11:53:02][FINE] Loading resources from: config/packs/wnboi-0.0.4-fabric.jar ...
[2026-03-12 11:53:02][FINE] Loading resources from: config/packs/twilightforest-fabric-1.19.2-4.2.357.jar ...
[2026-03-12 11:53:02][FINE] Failed to parse condition: Condition-String 'diagonal' is invalid!
[2026-03-12 11:53:02][FINE] Failed to parse condition: Condition-String 'diagonal' is invalid!
[2026-03-12 11:53:02][FINE] Failed to parse condition: Condition-String 'diagonal' is invalid!
[2026-03-12 11:53:03][FINE] Loading resources from: config/packs/tooltipfix-1.1.1-1.19.jar ...
[2026-03-12 11:53:03][FINE] Loading resources from: config/packs/toms_storage_fabric-1.19-1.5.9.jar ...
[2026-03-12 11:53:03][FINE] Loading resources from: config/packs/suppsquared-1.19.2-1.1.2-fabric.jar ...
[2026-03-12 11:53:03][FINE] Loading resources from: config/packs/supplementaries-1.19.2-2.3.24-fabric.jar ...
[2026-03-12 11:53:03][FINE] Loading resources from: config/packs/supermartijn642corelib-1.1.12-fabric-mc1.19.2.jar ...
[2026-03-12 11:53:03][FINE] Loading resources from: config/packs/supermartijn642configlib-1.1.8-fabric-mc1.19.jar ...
[2026-03-12 11:53:03][FINE] Loading resources from: config/packs/pollen-fabric-2.1.0.jar ...
[2026-03-12 11:53:03][FINE] Loading resources from: config/packs/polaroidcamera-1.4.1.jar ...
[2026-03-12 11:53:03][FINE] Loading resources from: config/packs/paucal-fabric-1.19.2-0.5.0.jar ...
[2026-03-12 11:53:03][FINE] Loading resources from: config/packs/paradise-lost-2.1.0-beta+1.19.2.jar ...
[2026-03-12 11:53:03][FINE] Loading resources from: config/packs/moyai-1.19.2-2.0.1-fabric.jar ...
[2026-03-12 11:53:03][FINE] Loading resources from: config/packs/moreiotas-fabric-1.19.2-0.0.4.jar ...
[2026-03-12 11:53:03][FINE] Loading resources from: config/packs/moonlight-1.19.2-2.2.44-fabric.jar ...
[2026-03-12 11:53:03][FINE] Loading resources from: config/packs/minecraft-comes-alive-7.5.5+1.19.2-universal.jar ...
[2026-03-12 11:53:03][FINE] Loading resources from: config/packs/malilib-fabric-1.19.2-0.13.0.jar ...
[2026-03-12 11:53:03][FINE] Loading resources from: config/packs/lithium-fabric-mc1.19.2-0.11.1.jar ...
[2026-03-12 11:53:03][FINE] Loading resources from: config/packs/lazydfu-0.1.3.jar ...
[2026-03-12 11:53:03][FINE] Loading resources from: config/packs/inmisaddon-1.0.4.jar ...
[2026-03-12 11:53:03][FINE] Loading resources from: config/packs/inmis-2.7.1-1.19.jar ...
[2026-03-12 11:53:03][FINE] Loading resources from: config/packs/indium-1.0.9+mc1.19.2.jar ...
[2026-03-12 11:53:03][FINE] Loading resources from: config/packs/immersive_paintings-0.6.5+1.19.2-fabric.jar ...
[2026-03-12 11:53:03][FINE] Loading resources from: config/packs/hookshot-26.0.jar ...
[2026-03-12 11:53:03][FINE] Loading resources from: config/packs/hexgloop-1.19.2-0.0.4-fabric.jar ...
[2026-03-12 11:53:03][FINE] Loading resources from: config/packs/hexcasting-fabric-1.19.2-0.10.3.jar ...
[2026-03-12 11:53:03][FINE] Loading resources from: config/packs/hexal-fabric-1.19.2-0.2.18.jar ...
[2026-03-12 11:53:03][FINE] Loading resources from: config/packs/graves-2.1.31.19.2.jar ...
[2026-03-12 11:53:03][FINE] Loading resources from: config/packs/geckolib-fabric-1.19-3.1.40.jar ...
[2026-03-12 11:53:03][FINE] Loading resources from: config/packs/farmers-delight-fabric-mc1.19-1.19.2-1.3.10.1.jar ...
[2026-03-12 11:53:03][FINE] Loading resources from: config/packs/fabric-language-kotlin-1.10.10+kotlin.1.9.10.jar ...
[2026-03-12 11:53:03][FINE] Loading resources from: config/packs/fabric-api-0.76.1+1.19.2.jar ...
[2026-03-12 11:53:03][FINE] Loading resources from: config/packs/etched-fabric-2.3.1.jar ...
[2026-03-12 11:53:03][FINE] Loading resources from: config/packs/entity_texture_features_fabric_1.19.2-4.5.1.jar ...
[2026-03-12 11:53:03][FINE] Loading resources from: config/packs/entity_model_features_fabric_1.19.2-0.2.13.jar ...
[2026-03-12 11:53:03][FINE] Loading resources from: config/packs/duckyperiphs-1.19.2-1.2.3-fabric.jar ...
[2026-03-12 11:53:04][FINE] Loading resources from: config/packs/createbigcannons-fabric-1.19.2-0.5.2.a.jar ...
[2026-03-12 11:53:04][FINE] Loading resources from: config/packs/createaddition-fabric+1.19.2-20230723a.jar ...
[2026-03-12 11:53:04][FINE] Loading resources from: config/packs/create_enchantment_industry-1.0.1.jar ...
[2026-03-12 11:53:04][FINE] Loading resources from: config/packs/create-fabric-0.5.1-c-build.1160+mc1.19.2.jar ...
[2026-03-12 11:53:04][FINE] Loading resources from: config/packs/comforts-fabric-6.0.41.19.2.jar ...
[2026-03-12 11:53:04][FINE] Loading resources from: config/packs/chunkloaders-1.2.7-fabric-mc1.19.2.jar ...
[2026-03-12 11:53:04][FINE] Loading resources from: config/packs/cc-restitched-1.101.2.jar ...
[2026-03-12 11:53:04][FINE] Loading resources from: config/packs/cardinal-components-api-5.0.2.jar ...
[2026-03-12 11:53:04][FINE] Loading resources from: config/packs/blahaj-fabric-1.19-0.3.2.jar ...
[2026-03-12 11:53:04][FINE] Loading resources from: config/packs/betterthanmending-1.3.0.jar ...
[2026-03-12 11:53:04][FINE] Loading resources from: config/packs/architectury-6.5.85-fabric.jar ...
[2026-03-12 11:53:04][FINE] Loading resources from: config/packs/appliedenergistics2-fabric-12.9.7.jar ...
[2026-03-12 11:53:04][FINE] Loading resources from: config/packs/animal_feeding_trough-1.0.3+1.19.2.jar ...
[2026-03-12 11:53:04][FINE] Loading resources from: config/packs/YungsExtras-1.19.2-Fabric-3.1.0.jar ...
[2026-03-12 11:53:04][FINE] Loading resources from: config/packs/YungsBridges-1.19.2-Fabric-3.1.0.jar ...
[2026-03-12 11:53:04][FINE] Loading resources from: config/packs/YungsBetterWitchHuts-1.19.2-Fabric-2.1.0.jar ...
[2026-03-12 11:53:04][FINE] Loading resources from: config/packs/YungsBetterNetherFortresses-1.19.2-Fabric-1.0.6.jar ...
[2026-03-12 11:53:04][FINE] Loading resources from: config/packs/YungsBetterMineshafts-1.19.2-Fabric-3.2.0.jar ...
[2026-03-12 11:53:04][FINE] Loading resources from: config/packs/YungsBetterDungeons-1.19.2-Fabric-3.2.1.jar ...
[2026-03-12 11:53:04][FINE] Loading resources from: config/packs/YungsBetterDesertTemples-1.19.2-Fabric-2.2.2.jar ...
[2026-03-12 11:53:04][FINE] Loading resources from: config/packs/YungsApi-1.19.2-Fabric-3.8.9.jar ...
[2026-03-12 11:53:04][FINE] Loading resources from: config/packs/Pehkui-3.7.8+1.14.4-1.20.1.jar ...
[2026-03-12 11:53:04][FINE] Loading resources from: config/packs/Patchouli-1.19.2-77-FABRIC.jar ...
[2026-03-12 11:53:04][FINE] Loading resources from: config/packs/Nullscape_1.19.3_v1.2.2.jar ...
[2026-03-12 11:53:04][FINE] Loading resources from: config/packs/Kambrik-4.0-1.19.2.jar ...
[2026-03-12 11:53:04][FINE] Loading resources from: config/packs/ExtendedDrawers-1.4.3mc.1.19.2.jar ...
[2026-03-12 11:53:04][FINE] Loading resources from: config/packs/BountifulFabric-4.0.0.jar ...
[2026-03-12 11:53:04][FINE] Loading resources from: config/packs/BBOutlineReloaded-2.6-1.19.2-fabric.jar ...
[2026-03-12 11:53:04][FINE] Loading resources from: data/resourceExtensions.zip ...
[2026-03-12 11:53:04][FINE] Loading resources from: data/minecraft-client-1.21.11.jar ...
[2026-03-12 11:53:05][FINE] Collecting texture-keys...
[2026-03-12 11:53:05][FINE] Found 6113 texture-keys.
[2026-03-12 11:53:05][FINE] Loading textures from: config/packs/wnboi-0.0.4-fabric.jar ...
[2026-03-12 11:53:05][FINE] Loading textures from: config/packs/twilightforest-fabric-1.19.2-4.2.357.jar ...
[2026-03-12 11:53:06][FINE] Loading textures from: config/packs/tooltipfix-1.1.1-1.19.jar ...
[2026-03-12 11:53:06][FINE] Loading textures from: config/packs/toms_storage_fabric-1.19-1.5.9.jar ...
[2026-03-12 11:53:06][FINE] Loading textures from: config/packs/suppsquared-1.19.2-1.1.2-fabric.jar ...
[2026-03-12 11:53:06][FINE] Loading textures from: config/packs/supplementaries-1.19.2-2.3.24-fabric.jar ...
[2026-03-12 11:53:06][FINE] Loading textures from: config/packs/supermartijn642corelib-1.1.12-fabric-mc1.19.2.jar ...
[2026-03-12 11:53:06][FINE] Loading textures from: config/packs/supermartijn642configlib-1.1.8-fabric-mc1.19.jar ...
[2026-03-12 11:53:06][FINE] Loading textures from: config/packs/pollen-fabric-2.1.0.jar ...
[2026-03-12 11:53:06][FINE] Loading textures from: config/packs/polaroidcamera-1.4.1.jar ...
[2026-03-12 11:53:06][FINE] Loading textures from: config/packs/paucal-fabric-1.19.2-0.5.0.jar ...
[2026-03-12 11:53:06][FINE] Loading textures from: config/packs/paradise-lost-2.1.0-beta+1.19.2.jar ...
[2026-03-12 11:53:06][FINE] Failed to load resource 'incubus_core:item/debug_flame': com.google.gson.JsonSyntaxException: java.lang.IllegalStateException: Expected a boolean but was STRING at line 4 column 25 path $.animation.interpolate
[2026-03-12 11:53:07][FINE] Loading textures from: config/packs/moyai-1.19.2-2.0.1-fabric.jar ...
[2026-03-12 11:53:07][FINE] Loading textures from: config/packs/moreiotas-fabric-1.19.2-0.0.4.jar ...
[2026-03-12 11:53:07][FINE] Loading textures from: config/packs/moonlight-1.19.2-2.2.44-fabric.jar ...
[2026-03-12 11:53:07][FINE] Loading textures from: config/packs/minecraft-comes-alive-7.5.5+1.19.2-universal.jar ...
[2026-03-12 11:53:07][FINE] Loading textures from: config/packs/malilib-fabric-1.19.2-0.13.0.jar ...
[2026-03-12 11:53:07][FINE] Loading textures from: config/packs/lithium-fabric-mc1.19.2-0.11.1.jar ...
[2026-03-12 11:53:07][FINE] Loading textures from: config/packs/lazydfu-0.1.3.jar ...
[2026-03-12 11:53:07][FINE] Loading textures from: config/packs/inmisaddon-1.0.4.jar ...
[2026-03-12 11:53:07][FINE] Loading textures from: config/packs/inmis-2.7.1-1.19.jar ...
[2026-03-12 11:53:07][FINE] Loading textures from: config/packs/indium-1.0.9+mc1.19.2.jar ...
[2026-03-12 11:53:07][FINE] Loading textures from: config/packs/immersive_paintings-0.6.5+1.19.2-fabric.jar ...
[2026-03-12 11:53:07][FINE] Loading textures from: config/packs/hookshot-26.0.jar ...
[2026-03-12 11:53:07][FINE] Loading textures from: config/packs/hexgloop-1.19.2-0.0.4-fabric.jar ...
[2026-03-12 11:53:07][FINE] Loading textures from: config/packs/hexcasting-fabric-1.19.2-0.10.3.jar ...
[2026-03-12 11:53:07][FINE] Loading textures from: config/packs/hexal-fabric-1.19.2-0.2.18.jar ...
[2026-03-12 11:53:07][FINE] Loading textures from: config/packs/graves-2.1.31.19.2.jar ...
[2026-03-12 11:53:07][FINE] Loading textures from: config/packs/geckolib-fabric-1.19-3.1.40.jar ...
[2026-03-12 11:53:07][FINE] Loading textures from: config/packs/farmers-delight-fabric-mc1.19-1.19.2-1.3.10.1.jar ...
[2026-03-12 11:53:07][FINE] Loading textures from: config/packs/fabric-language-kotlin-1.10.10+kotlin.1.9.10.jar ...
[2026-03-12 11:53:07][FINE] Loading textures from: config/packs/fabric-api-0.76.1+1.19.2.jar ...
[2026-03-12 11:53:07][FINE] Loading textures from: config/packs/etched-fabric-2.3.1.jar ...
[2026-03-12 11:53:07][FINE] Loading textures from: config/packs/entity_texture_features_fabric_1.19.2-4.5.1.jar ...
[2026-03-12 11:53:07][FINE] Loading textures from: config/packs/entity_model_features_fabric_1.19.2-0.2.13.jar ...
[2026-03-12 11:53:07][FINE] Loading textures from: config/packs/duckyperiphs-1.19.2-1.2.3-fabric.jar ...
[2026-03-12 11:53:07][FINE] Loading textures from: config/packs/createbigcannons-fabric-1.19.2-0.5.2.a.jar ...
[2026-03-12 11:53:08][FINE] Loading textures from: config/packs/createaddition-fabric+1.19.2-20230723a.jar ...
[2026-03-12 11:53:08][FINE] Loading textures from: config/packs/create_enchantment_industry-1.0.1.jar ...
[2026-03-12 11:53:08][FINE] Loading textures from: config/packs/create-fabric-0.5.1-c-build.1160+mc1.19.2.jar ...
[2026-03-12 11:53:08][FINE] Loading textures from: config/packs/comforts-fabric-6.0.41.19.2.jar ...
[2026-03-12 11:53:08][FINE] Loading textures from: config/packs/chunkloaders-1.2.7-fabric-mc1.19.2.jar ...
[2026-03-12 11:53:08][FINE] Loading textures from: config/packs/cc-restitched-1.101.2.jar ...
[2026-03-12 11:53:09][FINE] Loading textures from: config/packs/cardinal-components-api-5.0.2.jar ...
[2026-03-12 11:53:09][FINE] Loading textures from: config/packs/blahaj-fabric-1.19-0.3.2.jar ...
[2026-03-12 11:53:09][FINE] Loading textures from: config/packs/betterthanmending-1.3.0.jar ...
[2026-03-12 11:53:09][FINE] Loading textures from: config/packs/architectury-6.5.85-fabric.jar ...
[2026-03-12 11:53:09][FINE] Loading textures from: config/packs/appliedenergistics2-fabric-12.9.7.jar ...
[2026-03-12 11:53:09][FINE] Loading textures from: config/packs/animal_feeding_trough-1.0.3+1.19.2.jar ...
[2026-03-12 11:53:09][FINE] Loading textures from: config/packs/YungsExtras-1.19.2-Fabric-3.1.0.jar ...
[2026-03-12 11:53:09][FINE] Loading textures from: config/packs/YungsBridges-1.19.2-Fabric-3.1.0.jar ...
[2026-03-12 11:53:09][FINE] Loading textures from: config/packs/YungsBetterWitchHuts-1.19.2-Fabric-2.1.0.jar ...
[2026-03-12 11:53:09][FINE] Loading textures from: config/packs/YungsBetterNetherFortresses-1.19.2-Fabric-1.0.6.jar ...
[2026-03-12 11:53:09][FINE] Loading textures from: config/packs/YungsBetterMineshafts-1.19.2-Fabric-3.2.0.jar ...
[2026-03-12 11:53:09][FINE] Loading textures from: config/packs/YungsBetterDungeons-1.19.2-Fabric-3.2.1.jar ...
[2026-03-12 11:53:09][FINE] Loading textures from: config/packs/YungsBetterDesertTemples-1.19.2-Fabric-2.2.2.jar ...
[2026-03-12 11:53:09][FINE] Loading textures from: config/packs/YungsApi-1.19.2-Fabric-3.8.9.jar ...
[2026-03-12 11:53:09][FINE] Loading textures from: config/packs/Pehkui-3.7.8+1.14.4-1.20.1.jar ...
[2026-03-12 11:53:09][FINE] Loading textures from: config/packs/Patchouli-1.19.2-77-FABRIC.jar ...
[2026-03-12 11:53:09][FINE] Loading textures from: config/packs/Nullscape_1.19.3_v1.2.2.jar ...
[2026-03-12 11:53:09][FINE] Loading textures from: config/packs/Kambrik-4.0-1.19.2.jar ...
[2026-03-12 11:53:09][FINE] Loading textures from: config/packs/ExtendedDrawers-1.4.3mc.1.19.2.jar ...
[2026-03-12 11:53:09][FINE] Loading textures from: config/packs/BountifulFabric-4.0.0.jar ...
[2026-03-12 11:53:09][FINE] Loading textures from: config/packs/BBOutlineReloaded-2.6-1.19.2-fabric.jar ...
[2026-03-12 11:53:09][FINE] Loading textures from: data/resourceExtensions.zip ...
[2026-03-12 11:53:09][FINE] Loading textures from: data/minecraft-client-1.21.11.jar ...
[2026-03-12 11:53:11][FINE] Baking resources...
[2026-03-12 11:53:11][INFO] Resources loaded.
[2026-03-12 11:53:11][WARNING] 
################################
 There is a problem with your BlueMap setup!

 '/home/justflavio/web_server/linksToWorldMaps/servers/1192_The_Full/world' does not exist or is no directory!
 Check if the 'world' setting in the config-file for that map is correct, or remove the entire config-file if you don't want that map.
################################
[2026-03-12 11:53:11][INFO] The map 'Spatial Storage' has no dimension configured.
Assuming world: 'world' and dimension: 'ae2:spatial_storage'.
[2026-03-12 11:53:11][WARNING] 
################################
 There is a problem with your BlueMap setup!

 '/home/justflavio/web_server/linksToWorldMaps/servers/1192_The_Full/world' does not exist or is no directory!
 Check if the 'world' setting in the config-file for that map is correct, or remove the entire config-file if you don't want that map.
################################
[2026-03-12 11:53:11][INFO] The map 'Twilight Forest' has no dimension configured.
Assuming world: 'world' and dimension: 'twilightforest:twilight_forest'.
[2026-03-12 11:53:11][WARNING] 
################################
 There is a problem with your BlueMap setup!

 '/home/justflavio/web_server/linksToWorldMaps/servers/1192_The_Full/world' does not exist or is no directory!
 Check if the 'world' setting in the config-file for that map is correct, or remove the entire config-file if you don't want that map.
################################
[2026-03-12 11:53:11][WARNING] 
################################
 There is a problem with your BlueMap setup!

 '/home/justflavio/web_server/linksToWorldMaps/servers/1192_The_Full/world' does not exist or is no directory!
 Check if the 'world' setting in the config-file for that map is correct, or remove the entire config-file if you don't want that map.
################################
[2026-03-12 11:53:11][WARNING] 
################################
 There is a problem with your BlueMap setup!

 '/home/justflavio/web_server/linksToWorldMaps/servers/1192_The_Full/world' does not exist or is no directory!
 Check if the 'world' setting in the config-file for that map is correct, or remove the entire config-file if you don't want that map.
################################
[2026-03-12 11:53:11][INFO] The map 'Paradise Lost' has no dimension configured.
Assuming world: 'world' and dimension: 'paradise_lost:paradise_lost'.
[2026-03-12 11:53:11][WARNING] 
################################
 There is a problem with your BlueMap setup!

 '/home/justflavio/web_server/linksToWorldMaps/servers/1192_The_Full/world' does not exist or is no directory!
 Check if the 'world' setting in the config-file for that map is correct, or remove the entire config-file if you don't want that map.
################################
[2026-03-12 11:53:11][INFO] Start updating 0 maps ...
[2026-03-12 11:53:11][INFO] Your maps are now all up-to-date!
[2026-03-12 11:53:11][INFO] Stopping...
[2026-03-12 11:53:11][INFO] Saving...
[2026-03-12 11:53:11][INFO] Stopped.
